{"level":"info","message":"Connected to MongoDB","timestamp":"2026-03-20T06:02:48.578Z"}
{"level":"info","message":"Server running on port 5000","timestamp":"2026-03-20T06:02:48.588Z"}
{"level":"info","message":"API Documentation available at http://localhost:5000/api-docs","timestamp":"2026-03-20T06:02:48.588Z"}
{"level":"info","message":"GET /api-docs","timestamp":"2026-03-20T06:04:45.375Z"}
{"level":"info","message":"GET /api-docs/","timestamp":"2026-03-20T06:04:45.394Z"}
{"level":"info","message":"GET /api-docs/swagger-ui.css","timestamp":"2026-03-20T06:04:45.472Z"}
{"level":"info","message":"GET /api-docs/swagger-ui-bundle.js","timestamp":"2026-03-20T06:04:45.478Z"}
{"level":"info","message":"GET /api-docs/swagger-ui-standalone-preset.js","timestamp":"2026-03-20T06:04:45.480Z"}
{"level":"info","message":"GET /api-docs/swagger-ui-init.js","timestamp":"2026-03-20T06:04:45.482Z"}
{"level":"info","message":"GET /api-docs/favicon-32x32.png","timestamp":"2026-03-20T06:04:46.038Z"}
{"level":"info","message":"POST /api/v1/auth/register","timestamp":"2026-03-20T06:07:11.609Z"}
{"level":"info","message":"New user registered: test@example.com","timestamp":"2026-03-20T06:07:11.840Z"}
{"level":"info","message":"GET /api/v1/tasks/stats","timestamp":"2026-03-20T06:07:12.990Z"}
{"level":"info","message":"GET /api/v1/tasks/stats","timestamp":"2026-03-20T06:07:13.044Z"}
{"level":"info","message":"GET /api/v1/tasks","timestamp":"2026-03-20T06:07:43.159Z"}
{"level":"info","message":"GET /api/v1/tasks","timestamp":"2026-03-20T06:07:43.174Z"}
{"level":"info","message":"GET /api-docs","timestamp":"2026-03-20T06:07:50.926Z"}
{"level":"info","message":"GET /api-docs/","timestamp":"2026-03-20T06:07:50.939Z"}
{"level":"info","message":"GET /api-docs/swagger-ui.css","timestamp":"2026-03-20T06:07:50.999Z"}
{"level":"info","message":"GET /api-docs/swagger-ui-bundle.js","timestamp":"2026-03-20T06:07:51.007Z"}
{"level":"info","message":"GET /api-docs/swagger-ui-standalone-preset.js","timestamp":"2026-03-20T06:07:51.009Z"}
{"level":"info","message":"GET /api-docs/swagger-ui-init.js","timestamp":"2026-03-20T06:07:51.010Z"}
{"level":"info","message":"GET /api/v1/tasks/stats","timestamp":"2026-03-20T06:40:45.185Z"}
{"level":"info","message":"GET /api/v1/tasks/stats","timestamp":"2026-03-20T06:40:45.195Z"}
{"level":"info","message":"GET /api/v1/auth/me","timestamp":"2026-03-20T06:40:48.912Z"}
{"level":"info","message":"GET /api/v1/auth/me","timestamp":"2026-03-20T06:40:48.921Z"}
{"level":"info","message":"GET /api/v1/tasks","timestamp":"2026-03-20T06:40:48.950Z"}
{"level":"info","message":"GET /api/v1/tasks","timestamp":"2026-03-20T06:40:48.960Z"}
{"level":"info","message":"GET /api/v1/auth/me","timestamp":"2026-03-20T07:14:51.240Z"}
{"level":"info","message":"GET /api/v1/auth/me","timestamp":"2026-03-20T07:14:51.249Z"}
{"level":"info","message":"GET /api/v1/tasks","timestamp":"2026-03-20T07:14:51.280Z"}
{"level":"info","message":"GET /api/v1/tasks","timestamp":"2026-03-20T07:14:51.286Z"}
{"level":"info","message":"GET /api/v1/users","timestamp":"2026-03-20T07:14:57.418Z"}
{"level":"info","message":"GET /api/v1/users","timestamp":"2026-03-20T07:14:57.427Z"}
{"level":"info","message":"GET /api/v1/tasks","timestamp":"2026-03-20T07:15:15.360Z"}
{"level":"info","message":"GET /api/v1/tasks","timestamp":"2026-03-20T07:15:15.369Z"}
{"level":"info","message":"POST /api/v1/tasks","timestamp":"2026-03-20T07:16:17.704Z"}
{"level":"info","message":"Task created: Complete project report by user: test@example.com","timestamp":"2026-03-20T07:16:17.714Z"}
{"level":"info","message":"GET /api/v1/tasks","timestamp":"2026-03-20T07:16:17.720Z"}
{"level":"info","message":"GET /api/v1/auth/me","timestamp":"2026-03-20T07:19:28.100Z"}
{"level":"info","message":"GET /api/v1/auth/me","timestamp":"2026-03-20T07:19:28.107Z"}
{"level":"info","message":"GET /api/v1/tasks","timestamp":"2026-03-20T07:19:28.165Z"}
{"level":"info","message":"GET /api/v1/tasks","timestamp":"2026-03-20T07:19:28.176Z"}
{"level":"info","message":"Connected to MongoDB","timestamp":"2026-03-20T07:27:02.659Z"}
{"level":"info","message":"Server running on port 5000","timestamp":"2026-03-20T07:27:02.665Z"}
{"level":"info","message":"API Documentation available at http://localhost:5000/api-docs","timestamp":"2026-03-20T07:27:02.666Z"}
{"level":"info","message":"Connected to MongoDB","timestamp":"2026-03-20T07:31:47.143Z"}
{"level":"info","message":"Server running on port 5000","timestamp":"2026-03-20T07:31:47.149Z"}
{"level":"info","message":"API Documentation available at http://localhost:5000/api-docs","timestamp":"2026-03-20T07:31:47.150Z"}
{"level":"info","message":"Connected to MongoDB","timestamp":"2026-03-20T15:52:12.160Z"}
{"level":"info","message":"Server running on port 5000","timestamp":"2026-03-20T15:52:12.168Z"}
{"level":"info","message":"API Documentation available at http://localhost:5000/api-docs","timestamp":"2026-03-20T15:52:12.169Z"}
{"level":"info","message":"GET /api/v1/auth/me","timestamp":"2026-03-20T15:53:18.204Z"}
{"level":"info","message":"GET /api/v1/auth/me","timestamp":"2026-03-20T15:53:18.251Z"}
{"level":"info","message":"GET /api/v1/tasks/stats","timestamp":"2026-03-20T15:53:18.327Z"}
{"level":"info","message":"GET /api/v1/tasks/stats","timestamp":"2026-03-20T15:53:18.348Z"}
{"level":"info","message":"GET /api/v1/auth/me","timestamp":"2026-03-20T15:53:29.983Z"}
{"level":"info","message":"GET /api/v1/auth/me","timestamp":"2026-03-20T15:53:29.997Z"}
{"level":"info","message":"GET /api/v1/users","timestamp":"2026-03-20T15:53:30.050Z"}
{"level":"info","message":"GET /api/v1/users","timestamp":"2026-03-20T15:53:30.061Z"}
{"level":"info","message":"GET /api/v1/tasks/stats","timestamp":"2026-03-20T15:53:34.171Z"}
{"level":"info","message":"GET /api/v1/tasks/stats","timestamp":"2026-03-20T15:53:34.182Z"}
{"level":"info","message":"GET /api/v1/users","timestamp":"2026-03-20T15:53:38.196Z"}
{"level":"info","message":"GET /api/v1/users","timestamp":"2026-03-20T15:53:38.206Z"}
{"level":"info","message":"GET /api/v1/tasks/stats","timestamp":"2026-03-20T15:53:40.578Z"}
{"level":"info","message":"GET /api/v1/tasks/stats","timestamp":"2026-03-20T15:53:40.589Z"}
{"level":"info","message":"POST /api/v1/auth/login","timestamp":"2026-03-20T15:53:49.043Z"}
{"level":"info","message":"User logged in: test@example.com","timestamp":"2026-03-20T15:53:49.282Z"}
{"level":"info","message":"POST /api/v1/tasks","timestamp":"2026-03-20T17:47:45.175Z"}
{"level":"info","message":"Task created: Complete project report by user: test@example.com","timestamp":"2026-03-20T17:47:45.198Z"}
{"level":"info","message":"POST /api/v1/auth/register","timestamp":"2026-03-20T17:53:03.395Z"}
{"level":"info","message":"GET /api/v1/tasks","timestamp":"2026-03-20T17:53:37.431Z"}
{"level":"info","message":"GET /api/v1/tasks/69bd884147e886468af2f029","timestamp":"2026-03-20T17:53:48.891Z"}
{"level":"info","message":"PUT /api/v1/tasks/69bd884147e886468af2f029","timestamp":"2026-03-20T17:53:54.286Z"}
